0 verbose cli /usr/local/bin/node /usr/local/lib/node_modules/npm/bin/npm-cli.js
1 info using npm@10.9.4
2 info using node@v22.22.1
3 silly config load:file:/usr/local/lib/node_modules/npm/npmrc
4 silly config load:file:/workspace/rare-tor/.home/tmp/qg-test-r9eGBV/.npmrc
5 silly config load:file:/workspace/rare-tor/.home/.npmrc
6 silly config load:file:/usr/local/etc/npmrc
7 verbose title npm exec tsc --noEmit
8 verbose argv "exec" "--" "tsc" "--noEmit"
9 verbose logfile logs-max:10 dir:/workspace/rare-tor/.home/.npm/_logs/2026-03-23T08_59_43_394Z-
10 verbose logfile /workspace/rare-tor/.home/.npm/_logs/2026-03-23T08_59_43_394Z-debug-0.log
11 silly logfile start cleaning logs, removing 1 files
12 silly logfile done cleaning log files
13 silly packumentCache heap:2103705600 maxSize:525926400 maxEntrySize:262963200
14 http fetch GET 200 https://registry.npmjs.org/tsc 100ms (cache revalidated)
15 silly packumentCache heap:2103705600 maxSize:525926400 maxEntrySize:262963200
16 silly packumentCache heap:2103705600 maxSize:525926400 maxEntrySize:262963200
17 verbose cwd /workspace/rare-tor/.home/tmp/qg-test-r9eGBV
18 verbose os Linux 6.12.47-fly
19 verbose node v22.22.1
20 verbose npm  v10.9.4
21 verbose exit 1
22 verbose code 1
